INFO:root:-- Results --
INFO:root:PER :
INFO:root:P = 0.5719489981785064
INFO:root:R = 0.47289156626506024
INFO:root:F1 = 0.5177246496290189
INFO:root:ORG :
INFO:root:P = None
INFO:root:R = 0.0
INFO:root:F1 = None
INFO:root:LOC :
INFO:root:P = 0.7924791086350975
INFO:root:R = 0.6765755053507729
INFO:root:F1 = 0.729955099422707
INFO:root:DAT :
INFO:root:P = 0.7555555555555555
INFO:root:R = 0.723404255319149
INFO:root:F1 = 0.7391304347826088
INFO:root:All :
INFO:root:P = 0.6989329268292683
INFO:root:R = 0.5878205128205128
INFO:root:F1 = 0.6385793871866297
